c:\users\josuediacev\onedrive - centre d'estudis monlau\m16\practica 3\project3\debug\vc142.pdb
c:\users\josuediacev\onedrive - centre d'estudis monlau\m16\practica 3\project3\debug\vc142.idb
c:\users\josuediacev\onedrive - centre d'estudis monlau\m16\practica 3\project3\debug\pralecu2grado.obj
c:\users\josuediacev\onedrive - centre d'estudis monlau\m16\practica 3\project3\debug\biblioecu2grado.obj
c:\users\josuediacev\onedrive - centre d'estudis monlau\m16\practica 3\project3\debug\project3.exe
c:\users\josuediacev\onedrive - centre d'estudis monlau\m16\practica 3\project3\debug\project3.ilk
c:\users\josuediacev\onedrive - centre d'estudis monlau\m16\practica 3\project3\debug\project3.pdb
c:\users\josuediacev\onedrive - centre d'estudis monlau\m16\practica 3\project3\debug\source.obj
c:\users\josuediacev\onedrive - centre d'estudis monlau\m16\practica 3\project3\debug\project3.tlog\cl.command.1.tlog
c:\users\josuediacev\onedrive - centre d'estudis monlau\m16\practica 3\project3\debug\project3.tlog\cl.read.1.tlog
c:\users\josuediacev\onedrive - centre d'estudis monlau\m16\practica 3\project3\debug\project3.tlog\cl.write.1.tlog
c:\users\josuediacev\onedrive - centre d'estudis monlau\m16\practica 3\project3\debug\project3.tlog\link-cvtres.read.1.tlog
c:\users\josuediacev\onedrive - centre d'estudis monlau\m16\practica 3\project3\debug\project3.tlog\link-cvtres.write.1.tlog
c:\users\josuediacev\onedrive - centre d'estudis monlau\m16\practica 3\project3\debug\project3.tlog\link-rc.read.1.tlog
c:\users\josuediacev\onedrive - centre d'estudis monlau\m16\practica 3\project3\debug\project3.tlog\link-rc.write.1.tlog
c:\users\josuediacev\onedrive - centre d'estudis monlau\m16\practica 3\project3\debug\project3.tlog\link.5356-cvtres.read.1.tlog
c:\users\josuediacev\onedrive - centre d'estudis monlau\m16\practica 3\project3\debug\project3.tlog\link.5356-cvtres.write.1.tlog
c:\users\josuediacev\onedrive - centre d'estudis monlau\m16\practica 3\project3\debug\project3.tlog\link.5356-rc.read.1.tlog
c:\users\josuediacev\onedrive - centre d'estudis monlau\m16\practica 3\project3\debug\project3.tlog\link.5356-rc.write.1.tlog
c:\users\josuediacev\onedrive - centre d'estudis monlau\m16\practica 3\project3\debug\project3.tlog\link.5356.read.1.tlog
c:\users\josuediacev\onedrive - centre d'estudis monlau\m16\practica 3\project3\debug\project3.tlog\link.5356.write.1.tlog
c:\users\josuediacev\onedrive - centre d'estudis monlau\m16\practica 3\project3\debug\project3.tlog\link.command.1.tlog
c:\users\josuediacev\onedrive - centre d'estudis monlau\m16\practica 3\project3\debug\project3.tlog\link.read.1.tlog
c:\users\josuediacev\onedrive - centre d'estudis monlau\m16\practica 3\project3\debug\project3.tlog\link.write.1.tlog
